<?xml version="1.0" encoding="UTF-8"?>
<testng-results skipped="0" failed="0" ignored="0" total="1" passed="1">
  <reporter-output>
  </reporter-output>
  <suite name="Surefire suite" duration-ms="14541" started-at="2018-12-28T08:56:25Z" finished-at="2018-12-28T08:56:39Z">
    <groups>
    </groups>
    <test name="Surefire test" duration-ms="14541" started-at="2018-12-28T08:56:25Z" finished-at="2018-12-28T08:56:39Z">
      <class name="test.AppTest">
        <test-method status="PASS" signature="shouldAnswerWithTrue()" name="shouldAnswerWithTrue" duration-ms="14479" started-at="2018-12-28T08:56:25Z" finished-at="2018-12-28T08:56:39Z">
          <reporter-output>
          </reporter-output>
        </test-method> <!-- shouldAnswerWithTrue -->
      </class> <!-- test.AppTest -->
    </test> <!-- Surefire test -->
  </suite> <!-- Surefire suite -->
</testng-results>
